PHP Warning:  file_get_contents(http://ws.audioscrobbler.com/2.0/?method=user.getrecenttracks&user=downslayer&limit=1&api_key=LASTFM_API_KEY): failed to open stream: HTTP request failed! HTTP/1.0 403 Forbidden
 in /var/www/vhosts/what/sections/irc/index.php on line 1044
PHP Warning:  file_get_contents(http://ws.audioscrobbler.com/2.0/?method=user.getrecenttracks&user=MrBillhelm&limit=1&api_key=LASTFM_API_KEY): failed to open stream: HTTP request failed! HTTP/1.0 403 Forbidden
 in /var/www/vhosts/what/sections/irc/index.php on line 1044
PHP Warning:  file_get_contents(http://ws.audioscrobbler.com/2.0/?method=user.getrecenttracks&user=Fowler&limit=1&api_key=LASTFM_API_KEY): failed to open stream: HTTP request failed! HTTP/1.0 403 Forbidden
 in /var/www/vhosts/what/sections/irc/index.php on line 1044
PHP Warning:  file_get_contents(http://ws.audioscrobbler.com/2.0/?method=user.getrecenttracks&user=MrBillhelm&limit=1&api_key=LASTFM_API_KEY): failed to open stream: HTTP request failed! HTTP/1.0 403 Forbidden
 in /var/www/vhosts/what/sections/irc/index.php on line 1044
PHP Warning:  file_get_contents(http://ws.audioscrobbler.com/2.0/?method=user.getrecenttracks&user=mistersofty&limit=1&api_key=LASTFM_API_KEY): failed to open stream: HTTP request failed! HTTP/1.0 403 Forbidden
 in /var/www/vhosts/what/sections/irc/index.php on line 1044
PHP Warning:  file_get_contents(http://ws.audioscrobbler.com/2.0/?method=user.getrecenttracks&user=oinky&limit=1&api_key=LASTFM_API_KEY): failed to open stream: HTTP request failed! HTTP/1.0 403 Forbidden
 in /var/www/vhosts/what/sections/irc/index.php on line 1044
PHP Warning:  file_get_contents(http://ws.audioscrobbler.com/2.0/?method=user.getrecenttracks&user=mistersofty&limit=1&api_key=LASTFM_API_KEY): failed to open stream: HTTP request failed! HTTP/1.0 403 Forbidden
 in /var/www/vhosts/what/sections/irc/index.php on line 1044
PHP Warning:  file_get_contents(http://ws.audioscrobbler.com/2.0/?method=user.getrecenttracks&user=mistersofty&limit=1&api_key=LASTFM_API_KEY): failed to open stream: HTTP request failed! HTTP/1.0 403 Forbidden
 in /var/www/vhosts/what/sections/irc/index.php on line 1044
PHP Warning:  file_get_contents(http://ws.audioscrobbler.com/2.0/?method=user.getrecenttracks&user=mistersofty&limit=1&api_key=LASTFM_API_KEY): failed to open stream: HTTP request failed! HTTP/1.0 403 Forbidden
 in /var/www/vhosts/what/sections/irc/index.php on line 1044
PHP Warning:  file_get_contents(http://ws.audioscrobbler.com/2.0/?method=user.getrecenttracks&user=jofwolves&limit=1&api_key=LASTFM_API_KEY): failed to open stream: HTTP request failed! HTTP/1.0 403 Forbidden
 in /var/www/vhosts/what/sections/irc/index.php on line 1044
PHP Warning:  file_get_contents(http://ws.audioscrobbler.com/2.0/?method=user.getrecenttracks&user=jofwolves&limit=1&api_key=LASTFM_API_KEY): failed to open stream: HTTP request failed! HTTP/1.0 403 Forbidden
 in /var/www/vhosts/what/sections/irc/index.php on line 1044
PHP Warning:  file_get_contents(http://ws.audioscrobbler.com/2.0/?method=user.getrecenttracks&user=zdeevfm&limit=1&api_key=LASTFM_API_KEY): failed to open stream: HTTP request failed! HTTP/1.0 403 Forbidden
 in /var/www/vhosts/what/sections/irc/index.php on line 1044
PHP Warning:  file_get_contents(http://ws.audioscrobbler.com/2.0/?method=user.getrecenttracks&user=ulchm&limit=1&api_key=LASTFM_API_KEY): failed to open stream: HTTP request failed! HTTP/1.0 403 Forbidden
 in /var/www/vhosts/what/sections/irc/index.php on line 1044
